{
    "date": "2025-01-16 08:35:49",
    "title": "INFO",
    "message": "intial log",
    "ip_address": "::1",
    "url": "\/ensconesite\/app.php?page=home",
    "user_agent": "Mozilla\/5.0 (Windows NT 10.0; Win64; x64) AppleWebKit\/537.36 (KHTML, like Gecko) Chrome\/132.0.0.0 Safari\/537.36",
    "device": "Desktop",
    "browser": "Chrome",
    "os": "Windows"
}
{
    "date": "2025-01-16 08:39:45",
    "title": "INFO",
    "message": "intial log",
    "ip_address": "::1",
    "url": "\/ensconesite\/app.php?page=home",
    "device": "Desktop",
    "browser": "Chrome",
    "os": "Windows"
}
{
    "date": "2025-01-16 08:42:04",
    "title": "INFO",
    "message": "pageName: home",
    "ip_address": "::1",
    "url": "\/ensconesite\/app.php?page=home",
    "device": "Desktop",
    "browser": "Chrome",
    "os": "Windows"
}
{
    "date": "2025-01-16 08:42:09",
    "title": "INFO",
    "message": "pageName: service",
    "ip_address": "::1",
    "url": "\/ensconesite\/app.php?page=service",
    "device": "Desktop",
    "browser": "Chrome",
    "os": "Windows"
}
{
    "date": "2025-01-16 08:42:15",
    "title": "INFO",
    "message": "pageName: gallery",
    "ip_address": "::1",
    "url": "\/ensconesite\/app.php?page=gallery",
    "device": "Desktop",
    "browser": "Chrome",
    "os": "Windows"
}
{
    "date": "2025-01-16 08:42:18",
    "title": "INFO",
    "message": "pageName: about",
    "ip_address": "::1",
    "url": "\/ensconesite\/app.php?page=about",
    "device": "Desktop",
    "browser": "Chrome",
    "os": "Windows"
}
{
    "date": "2025-01-16 08:42:28",
    "title": "INFO",
    "message": "pageName: home",
    "ip_address": "::1",
    "url": "\/ensconesite\/app.php?page=home",
    "device": "Desktop",
    "browser": "Chrome",
    "os": "Windows"
}
{
    "date": "2025-01-16 14:31:58",
    "title": "INFO",
    "message": "pageName: index",
    "ip_address": "::1",
    "url": "\/ensconesite\/app.php?page=index",
    "device": "Desktop",
    "browser": "Chrome",
    "os": "Windows"
}
{
    "date": "2025-01-16 14:32:01",
    "title": "INFO",
    "message": "pageName: home",
    "ip_address": "::1",
    "url": "\/ensconesite\/app.php?page=home",
    "device": "Desktop",
    "browser": "Chrome",
    "os": "Windows"
}
{
    "date": "2025-01-16 14:58:03",
    "title": "INFO",
    "message": "pageName: home",
    "ip_address": "::1",
    "url": "\/ensconesite\/app.php?page=home",
    "device": "Desktop",
    "browser": "Chrome",
    "os": "Windows"
}
{
    "date": "2025-01-16 14:58:06",
    "title": "INFO",
    "message": "pageName: home",
    "ip_address": "::1",
    "url": "\/ensconesite\/app.php?page=home",
    "device": "Desktop",
    "browser": "Chrome",
    "os": "Windows"
}
{
    "date": "2025-01-16 14:58:24",
    "title": "INFO",
    "message": "pageName: home",
    "ip_address": "::1",
    "url": "\/ensconesite\/app.php?page=home",
    "device": "Desktop",
    "browser": "Chrome",
    "os": "Windows"
}
{
    "date": "2025-01-16 14:59:09",
    "title": "INFO",
    "message": "pageName: home",
    "ip_address": "::1",
    "url": "\/ensconesite\/app.php?page=home",
    "device": "Desktop",
    "browser": "Chrome",
    "os": "Windows"
}
{
    "date": "2025-01-16 14:59:15",
    "title": "INFO",
    "message": "pageName: home",
    "ip_address": "::1",
    "url": "\/ensconesite\/app.php?page=home",
    "device": "Desktop",
    "browser": "Chrome",
    "os": "Windows"
}
{
    "date": "2025-01-16 14:59:26",
    "title": "INFO",
    "message": "pageName: home",
    "ip_address": "::1",
    "url": "\/ensconesite\/app.php?page=home",
    "device": "Desktop",
    "browser": "Chrome",
    "os": "Windows"
}
{
    "date": "2025-01-16 14:59:58",
    "title": "INFO",
    "message": "pageName: home",
    "ip_address": "::1",
    "url": "\/ensconesite\/app.php?page=home",
    "device": "Desktop",
    "browser": "Chrome",
    "os": "Windows"
}
{
    "date": "2025-01-16 15:00:11",
    "title": "INFO",
    "message": "pageName: home",
    "ip_address": "::1",
    "url": "\/ensconesite\/app.php?page=home",
    "device": "Desktop",
    "browser": "Chrome",
    "os": "Windows"
}
{
    "date": "2025-01-16 15:00:24",
    "title": "INFO",
    "message": "pageName: home",
    "ip_address": "::1",
    "url": "\/ensconesite\/app.php?page=home",
    "device": "Desktop",
    "browser": "Chrome",
    "os": "Windows"
}
{
    "date": "2025-01-16 15:00:28",
    "title": "INFO",
    "message": "pageName: home",
    "ip_address": "::1",
    "url": "\/ensconesite\/app.php?page=home",
    "device": "Desktop",
    "browser": "Chrome",
    "os": "Windows"
}
{
    "date": "2025-01-16 15:00:32",
    "title": "INFO",
    "message": "pageName: home",
    "ip_address": "::1",
    "url": "\/ensconesite\/app.php?page=home",
    "device": "Desktop",
    "browser": "Chrome",
    "os": "Windows"
}
{
    "date": "2025-01-16 15:00:34",
    "title": "INFO",
    "message": "pageName: home",
    "ip_address": "::1",
    "url": "\/ensconesite\/app.php?page=home",
    "device": "Desktop",
    "browser": "Chrome",
    "os": "Windows"
}
{
    "date": "2025-01-16 15:01:39",
    "title": "INFO",
    "message": "pageName: home",
    "ip_address": "::1",
    "url": "\/ensconesite\/app.php?page=home",
    "device": "Desktop",
    "browser": "Chrome",
    "os": "Windows"
}
{
    "date": "2025-01-16 15:01:43",
    "title": "INFO",
    "message": "pageName: home",
    "ip_address": "::1",
    "url": "\/ensconesite\/app.php?page=home",
    "device": "Desktop",
    "browser": "Chrome",
    "os": "Windows"
}
{
    "date": "2025-01-16 15:01:53",
    "title": "INFO",
    "message": "pageName: home",
    "ip_address": "::1",
    "url": "\/ensconesite\/app.php?page=home",
    "device": "Desktop",
    "browser": "Chrome",
    "os": "Windows"
}
{
    "date": "2025-01-16 15:01:55",
    "title": "INFO",
    "message": "pageName: home",
    "ip_address": "::1",
    "url": "\/ensconesite\/app.php?page=home",
    "device": "Desktop",
    "browser": "Chrome",
    "os": "Windows"
}
{
    "date": "2025-01-16 15:02:14",
    "title": "INFO",
    "message": "pageName: home",
    "ip_address": "::1",
    "url": "\/ensconesite\/app.php?page=home",
    "device": "Desktop",
    "browser": "Chrome",
    "os": "Windows"
}
{
    "date": "2025-01-16 15:02:20",
    "title": "INFO",
    "message": "pageName: home",
    "ip_address": "::1",
    "url": "\/ensconesite\/app.php?page=home",
    "device": "Desktop",
    "browser": "Chrome",
    "os": "Windows"
}
{
    "date": "2025-01-16 15:02:34",
    "title": "INFO",
    "message": "pageName: home",
    "ip_address": "::1",
    "url": "\/ensconesite\/app.php?page=home",
    "device": "Desktop",
    "browser": "Chrome",
    "os": "Windows"
}
{
    "date": "2025-01-16 15:03:32",
    "title": "INFO",
    "message": "pageName: home",
    "ip_address": "::1",
    "url": "\/ensconesite\/app.php?page=home",
    "device": "Desktop",
    "browser": "Chrome",
    "os": "Windows"
}
{
    "date": "2025-01-16 15:13:24",
    "title": "INFO",
    "message": "pageName: service",
    "ip_address": "::1",
    "url": "\/ensconesite\/app.php?page=service",
    "device": "Desktop",
    "browser": "Chrome",
    "os": "Windows"
}
{
    "date": "2025-02-13 14:46:58",
    "title": "INFO",
    "message": "pageName: index",
    "ip_address": "::1",
    "url": "\/ensconesite\/app.php?page=index",
    "device": "Desktop",
    "browser": "Chrome",
    "os": "Windows"
}
