{
    "date": "2025-01-16 15:03:32",
    "ip_address": "217.165.73.244",
    "response": {
        "status": "success",
        "country": "United Arab Emirates",
        "countryCode": "AE",
        "region": "DU",
        "regionName": "Dubai",
        "city": "Dubai",
        "zip": "",
        "lat": 25.0731,
        "lon": 55.298,
        "timezone": "Asia\/Dubai",
        "isp": "Emirates Telecommunications Corporation",
        "org": "Emirates Telecommunications Corporation",
        "as": "AS5384 EMIRATES TELECOMMUNICATIONS GROUP COMPANY (ETISALAT GROUP) PJSC",
        "query": "217.165.73.244"
    }
}{
    "date": "2025-01-16 15:13:24",
    "ip_address": "217.165.73.244",
    "response": {
        "status": "success",
        "country": "United Arab Emirates",
        "countryCode": "AE",
        "region": "DU",
        "regionName": "Dubai",
        "city": "Dubai",
        "zip": "",
        "lat": 25.0731,
        "lon": 55.298,
        "timezone": "Asia\/Dubai",
        "isp": "Emirates Telecommunications Corporation",
        "org": "Emirates Telecommunications Corporation",
        "as": "AS5384 EMIRATES TELECOMMUNICATIONS GROUP COMPANY (ETISALAT GROUP) PJSC",
        "query": "217.165.73.244"
    }
}{
    "date": "2025-02-13 14:46:58",
    "ip_address": "217.165.73.244",
    "response": {
        "status": "success",
        "country": "United Arab Emirates",
        "countryCode": "AE",
        "region": "DU",
        "regionName": "Dubai",
        "city": "Dubai",
        "zip": "",
        "lat": 25.0734,
        "lon": 55.2979,
        "timezone": "Asia\/Dubai",
        "isp": "Emirates Telecommunications Corporation",
        "org": "Emirates Telecommunications Corporation",
        "as": "AS5384 EMIRATES TELECOMMUNICATIONS GROUP COMPANY (ETISALAT GROUP) PJSC",
        "query": "217.165.73.244"
    }
}